# JRE version: OpenJDK Runtime Environment Zulu21.42+19-CA (21.0.7+6) (build 21.0.7+6-LTS)
# Java VM: OpenJDK 64-Bit Server VM Zulu21.42+19-CA (21.0.7+6-LTS, mixed mode, sharing, tiered, compressed oops, compressed class ptrs, g1 gc, linux-amd64)
GC Precious Log:
 CardTable entry size: 512
 Card Set container configuration: InlinePtr #cards 5 size 8 Array Of Cards #cards 10 size 36 Howl #buckets 4 coarsen threshold 1843 Howl Bitmap #cards 512 size 80 coarsen threshold 460 Card regions per heap region 1 cards per card region 2048
 CPUs: 12 total, 12 available
 Memory: 7653M
 Large Page Support: Disabled
 NUMA Support: Disabled
 Compressed Oops: Enabled (32-bit)
 Heap Region Size: 1M
 Heap Min Capacity: 8M
 Heap Initial Capacity: 120M
 Heap Max Capacity: 1914M
 Pre-touch: Disabled
 Parallel Workers: 10
 Concurrent Workers: 3
 Concurrent Refinement Workers: 10
 Periodic GC: Disabled
Heap:
 garbage-first heap   total 71680K, used 50147K [0x0000000088600000, 0x0000000100000000)
  region size 1024K, 24 young (24576K), 3 survivors (3072K)
 Metaspace       used 38664K, committed 39232K, reserved 1114112K
  class space    used 4722K, committed 4992K, reserved 1048576K
GC Heap History (12 events):
Event: 0,983 GC heap before
{Heap before GC invocations=0 (full 0):
 garbage-first heap   total 124928K, used 23611K [0x0000000088600000, 0x0000000100000000)
  region size 1024K, 23 young (23552K), 0 survivors (0K)
 Metaspace       used 6068K, committed 6272K, reserved 1114112K
  class space    used 663K, committed 768K, reserved 1048576K
}
Event: 0,993 GC heap after
{Heap after GC invocations=1 (full 0):
 garbage-first heap   total 124928K, used 8878K [0x0000000088600000, 0x0000000100000000)
  region size 1024K, 3 young (3072K), 3 survivors (3072K)
 Metaspace       used 6068K, committed 6272K, reserved 1114112K
  class space    used 663K, committed 768K, reserved 1048576K
}
Event: 1,792 GC heap before
{Heap before GC invocations=1 (full 0):
 garbage-first heap   total 124928K, used 36526K [0x0000000088600000, 0x0000000100000000)
  region size 1024K, 31 young (31744K), 3 survivors (3072K)
 Metaspace       used 13553K, committed 13824K, reserved 1114112K
  class space    used 1576K, committed 1728K, reserved 1048576K
}
Event: 1,800 GC heap after
{Heap after GC invocations=2 (full 0):
 garbage-first heap   total 124928K, used 11687K [0x0000000088600000, 0x0000000100000000)
  region size 1024K, 3 young (3072K), 3 survivors (3072K)
 Metaspace       used 13553K, committed 13824K, reserved 1114112K
  class space    used 1576K, committed 1728K, reserved 1048576K
}
Event: 2,791 GC heap before
{Heap before GC invocations=2 (full 0):
 garbage-first heap   total 124928K, used 52647K [0x0000000088600000, 0x0000000100000000)
  region size 1024K, 45 young (46080K), 3 survivors (3072K)
 Metaspace       used 21198K, committed 21504K, reserved 1114112K
  class space    used 2475K, committed 2624K, reserved 1048576K
}
Event: 2,804 GC heap after
{Heap after GC invocations=3 (full 0):
 garbage-first heap   total 124928K, used 15175K [0x0000000088600000, 0x0000000100000000)
  region size 1024K, 6 young (6144K), 6 survivors (6144K)
 Metaspace       used 21198K, committed 21504K, reserved 1114112K
  class space    used 2475K, committed 2624K, reserved 1048576K
}
Event: 3,878 GC heap before
{Heap before GC invocations=4 (full 0):
 garbage-first heap   total 55296K, used 54087K [0x0000000088600000, 0x0000000100000000)
  region size 1024K, 44 young (45056K), 6 survivors (6144K)
 Metaspace       used 30286K, committed 30784K, reserved 1114112K
  class space    used 3592K, committed 3840K, reserved 1048576K
}
Event: 3,891 GC heap after
{Heap after GC invocations=5 (full 0):
 garbage-first heap   total 66560K, used 18975K [0x0000000088600000, 0x0000000100000000)
  region size 1024K, 8 young (8192K), 8 survivors (8192K)
 Metaspace       used 30286K, committed 30784K, reserved 1114112K
  class space    used 3592K, committed 3840K, reserved 1048576K
}
Event: 8,576 GC heap before
{Heap before GC invocations=5 (full 0):
 garbage-first heap   total 66560K, used 43551K [0x0000000088600000, 0x0000000100000000)
  region size 1024K, 33 young (33792K), 8 survivors (8192K)
 Metaspace       used 35377K, committed 35968K, reserved 1114112K
  class space    used 4359K, committed 4608K, reserved 1048576K
}
Event: 8,586 GC heap after
{Heap after GC invocations=6 (full 0):
 garbage-first heap   total 79872K, used 20605K [0x0000000088600000, 0x0000000100000000)
  region size 1024K, 3 young (3072K), 3 survivors (3072K)
 Metaspace       used 35377K, committed 35968K, reserved 1114112K
  class space    used 4359K, committed 4608K, reserved 1048576K
}
Event: 8,622 GC heap before
{Heap before GC invocations=6 (full 0):
 garbage-first heap   total 79872K, used 21629K [0x0000000088600000, 0x0000000100000000)
  region size 1024K, 5 young (5120K), 3 survivors (3072K)
 Metaspace       used 35721K, committed 36288K, reserved 1114112K
  class space    used 4391K, committed 4672K, reserved 1048576K
}
Event: 8,625 GC heap after
{Heap after GC invocations=7 (full 0):
 garbage-first heap   total 79872K, used 20451K [0x0000000088600000, 0x0000000100000000)
  region size 1024K, 3 young (3072K), 3 survivors (3072K)
 Metaspace       used 35721K, committed 36288K, reserved 1114112K
  class space    used 4391K, committed 4672K, reserved 1048576K
}

